<?xml version="1.0" encoding="UTF-8"?>
<testng-results ignored="0" total="1" passed="1" failed="0" skipped="0">
  <reporter-output>
  </reporter-output>
  <suite started-at="2020-05-22T18:52:21 IST" name="Suite" finished-at="2020-05-22T18:53:11 IST" duration-ms="50489">
    <groups>
    </groups>
    <test started-at="2020-05-22T18:52:21 IST" name="Test" finished-at="2020-05-22T18:53:11 IST" duration-ms="50489">
      <class name="TestCases.TC_HtmlTable_003">
        <test-method is-config="true" signature="Setup(java.lang.String)[pri:0, instance:TestCases.TC_HtmlTable_003@48aaecc3]" started-at="2020-05-22T18:52:22 IST" name="Setup" finished-at="2020-05-22T18:52:45 IST" duration-ms="22336" status="PASS">
          <params>
            <param index="0">
              <value>
                <![CDATA[Chrome]]>
              </value>
            </param>
          </params>
          <reporter-output>
          </reporter-output>
        </test-method> <!-- Setup -->
        <test-method signature="htmltable()[pri:0, instance:TestCases.TC_HtmlTable_003@48aaecc3]" started-at="2020-05-22T18:52:45 IST" name="htmltable" finished-at="2020-05-22T18:53:11 IST" duration-ms="26147" status="PASS">
          <reporter-output>
          </reporter-output>
        </test-method> <!-- htmltable -->
        <test-method is-config="true" signature="tearDown()[pri:0, instance:TestCases.TC_HtmlTable_003@48aaecc3]" started-at="2020-05-22T18:53:11 IST" name="tearDown" finished-at="2020-05-22T18:53:11 IST" duration-ms="1" status="PASS">
          <reporter-output>
          </reporter-output>
        </test-method> <!-- tearDown -->
      </class> <!-- TestCases.TC_HtmlTable_003 -->
    </test> <!-- Test -->
  </suite> <!-- Suite -->
</testng-results>
